[0.591s] Invoking command in '/home/teresa/ros2_ws/src/mypkg': PYTHONPATH=/home/teresa/ros2_ws/src/mypkg/build/mypkg/prefix_override:/home/teresa/ros2_ws/src/mypkg/install/mypkg/lib/python3.8/site-packages:${PYTHONPATH} /usr/bin/python3 setup.py egg_info --egg-base build/mypkg build --build-base /home/teresa/ros2_ws/src/mypkg/build/mypkg/build install --record /home/teresa/ros2_ws/src/mypkg/build/mypkg/install.log --install-scripts $base/lib/mypkg --single-version-externally-managed
[0.722s] running egg_info
[0.723s] creating build/mypkg/mypkg.egg-info
[0.724s] writing build/mypkg/mypkg.egg-info/PKG-INFO
[0.724s] writing dependency_links to build/mypkg/mypkg.egg-info/dependency_links.txt
[0.724s] writing entry points to build/mypkg/mypkg.egg-info/entry_points.txt
[0.724s] writing requirements to build/mypkg/mypkg.egg-info/requires.txt
[0.724s] writing top-level names to build/mypkg/mypkg.egg-info/top_level.txt
[0.725s] writing manifest file 'build/mypkg/mypkg.egg-info/SOURCES.txt'
[0.750s] reading manifest file 'build/mypkg/mypkg.egg-info/SOURCES.txt'
[0.751s] writing manifest file 'build/mypkg/mypkg.egg-info/SOURCES.txt'
[0.751s] running build
[0.751s] running build_py
[0.751s] creating /home/teresa/ros2_ws/src/mypkg/build/mypkg/build
[0.751s] creating /home/teresa/ros2_ws/src/mypkg/build/mypkg/build/lib
[0.752s] creating /home/teresa/ros2_ws/src/mypkg/build/mypkg/build/lib/mypkg
[0.752s] copying mypkg/talker.py -> /home/teresa/ros2_ws/src/mypkg/build/mypkg/build/lib/mypkg
[0.752s] copying mypkg/listener.py -> /home/teresa/ros2_ws/src/mypkg/build/mypkg/build/lib/mypkg
[0.752s] copying mypkg/__init__.py -> /home/teresa/ros2_ws/src/mypkg/build/mypkg/build/lib/mypkg
[0.752s] running install
[0.753s] running install_lib
[0.753s] creating /home/teresa/ros2_ws/src/mypkg/install/mypkg/lib/python3.8/site-packages/mypkg
[0.753s] copying /home/teresa/ros2_ws/src/mypkg/build/mypkg/build/lib/mypkg/talker.py -> /home/teresa/ros2_ws/src/mypkg/install/mypkg/lib/python3.8/site-packages/mypkg
[0.754s] copying /home/teresa/ros2_ws/src/mypkg/build/mypkg/build/lib/mypkg/listener.py -> /home/teresa/ros2_ws/src/mypkg/install/mypkg/lib/python3.8/site-packages/mypkg
[0.754s] copying /home/teresa/ros2_ws/src/mypkg/build/mypkg/build/lib/mypkg/__init__.py -> /home/teresa/ros2_ws/src/mypkg/install/mypkg/lib/python3.8/site-packages/mypkg
[0.755s] byte-compiling /home/teresa/ros2_ws/src/mypkg/install/mypkg/lib/python3.8/site-packages/mypkg/talker.py to talker.cpython-38.pyc
[0.756s] byte-compiling /home/teresa/ros2_ws/src/mypkg/install/mypkg/lib/python3.8/site-packages/mypkg/listener.py to listener.cpython-38.pyc
[0.756s] byte-compiling /home/teresa/ros2_ws/src/mypkg/install/mypkg/lib/python3.8/site-packages/mypkg/__init__.py to __init__.cpython-38.pyc
[0.756s] running install_data
[0.757s] creating /home/teresa/ros2_ws/src/mypkg/install/mypkg/share/ament_index
[0.757s] creating /home/teresa/ros2_ws/src/mypkg/install/mypkg/share/ament_index/resource_index
[0.757s] creating /home/teresa/ros2_ws/src/mypkg/install/mypkg/share/ament_index/resource_index/packages
[0.757s] copying resource/mypkg -> /home/teresa/ros2_ws/src/mypkg/install/mypkg/share/ament_index/resource_index/packages
[0.757s] copying package.xml -> /home/teresa/ros2_ws/src/mypkg/install/mypkg/share/mypkg
[0.757s] running install_egg_info
[0.758s] Copying build/mypkg/mypkg.egg-info to /home/teresa/ros2_ws/src/mypkg/install/mypkg/lib/python3.8/site-packages/mypkg-0.0.0-py3.8.egg-info
[0.759s] running install_scripts
[0.771s] Installing talker script to /home/teresa/ros2_ws/src/mypkg/install/mypkg/lib/mypkg
[0.771s] writing list of installed files to '/home/teresa/ros2_ws/src/mypkg/build/mypkg/install.log'
[0.787s] Invoked command in '/home/teresa/ros2_ws/src/mypkg' returned '0': PYTHONPATH=/home/teresa/ros2_ws/src/mypkg/build/mypkg/prefix_override:/home/teresa/ros2_ws/src/mypkg/install/mypkg/lib/python3.8/site-packages:${PYTHONPATH} /usr/bin/python3 setup.py egg_info --egg-base build/mypkg build --build-base /home/teresa/ros2_ws/src/mypkg/build/mypkg/build install --record /home/teresa/ros2_ws/src/mypkg/build/mypkg/install.log --install-scripts $base/lib/mypkg --single-version-externally-managed
