[2.054s] DEBUG:colcon:Command line arguments: ['/usr/bin/colcon', 'build']
[2.054s] DEBUG:colcon:Parsed command line arguments: Namespace(allow_overriding=[], ament_cmake_args=None, base_paths=['.'], build_base='build', catkin_cmake_args=None, catkin_skip_building_tests=False, cmake_args=None, cmake_clean_cache=False, cmake_clean_first=False, cmake_force_configure=False, cmake_target=None, cmake_target_skip_unavailable=False, continue_on_error=False, event_handlers=None, executor='parallel', ignore_user_meta=False, install_base='install', log_base=None, log_level=None, main=<bound method BuildVerb.main of <colcon_core.verb.build.BuildVerb object at 0x7f2981d379a0>>, merge_install=False, metas=['./colcon.meta'], packages_above=None, packages_above_and_dependencies=None, packages_above_depth=None, packages_end=None, packages_ignore=None, packages_ignore_regex=None, packages_select=None, packages_select_build_failed=False, packages_select_by_dep=None, packages_select_regex=None, packages_select_test_failures=False, packages_skip=None, packages_skip_build_finished=False, packages_skip_by_dep=None, packages_skip_regex=None, packages_skip_test_passed=False, packages_skip_up_to=None, packages_start=None, packages_up_to=None, packages_up_to_regex=None, parallel_workers=8, paths=None, symlink_install=False, test_result_base=None, verb_extension=<colcon_core.verb.build.BuildVerb object at 0x7f2981d379a0>, verb_name='build', verb_parser=<colcon_defaults.argument_parser.defaults.DefaultArgumentsDecorator object at 0x7f298191e670>)
[2.160s] Level 1:colcon.colcon_core.package_discovery:discover_packages(colcon_meta) check parameters
[2.161s] Level 1:colcon.colcon_core.package_discovery:discover_packages(recursive) check parameters
[2.161s] Level 1:colcon.colcon_core.package_discovery:discover_packages(ignore) check parameters
[2.161s] Level 1:colcon.colcon_core.package_discovery:discover_packages(path) check parameters
[2.161s] Level 1:colcon.colcon_core.package_discovery:discover_packages(colcon_meta) discover
[2.161s] Level 1:colcon.colcon_core.package_discovery:discover_packages(recursive) discover
[2.161s] INFO:colcon.colcon_core.package_discovery:Crawling recursively for packages in '/home/teresa/ros2_ws/src/mypkg/launch'
[2.161s] Level 1:colcon.colcon_core.package_identification:_identify(.) by extensions ['ignore', 'ignore_ament_install']
[2.161s] Level 1:colcon.colcon_core.package_identification:_identify(.) by extension 'ignore'
[2.161s] Level 1:colcon.colcon_core.package_identification:_identify(.) by extension 'ignore_ament_install'
[2.161s] Level 1:colcon.colcon_core.package_identification:_identify(.) by extensions ['colcon_pkg']
[2.161s] Level 1:colcon.colcon_core.package_identification:_identify(.) by extension 'colcon_pkg'
[2.161s] Level 1:colcon.colcon_core.package_identification:_identify(.) by extensions ['colcon_meta']
[2.161s] Level 1:colcon.colcon_core.package_identification:_identify(.) by extension 'colcon_meta'
[2.162s] Level 1:colcon.colcon_core.package_identification:_identify(.) by extensions ['ros']
[2.162s] Level 1:colcon.colcon_core.package_identification:_identify(.) by extension 'ros'
[2.179s] Level 1:colcon.colcon_core.package_identification:_identify(.) by extensions ['cmake', 'python']
[2.179s] Level 1:colcon.colcon_core.package_identification:_identify(.) by extension 'cmake'
[2.179s] Level 1:colcon.colcon_core.package_identification:_identify(.) by extension 'python'
[2.179s] Level 1:colcon.colcon_core.package_identification:_identify(.) by extensions ['python_setup_py']
[2.180s] Level 1:colcon.colcon_core.package_identification:_identify(.) by extension 'python_setup_py'
[2.180s] Level 1:colcon.colcon_core.package_identification:_identify(__pycache__) by extensions ['ignore', 'ignore_ament_install']
[2.180s] Level 1:colcon.colcon_core.package_identification:_identify(__pycache__) by extension 'ignore'
[2.180s] Level 1:colcon.colcon_core.package_identification:_identify(__pycache__) by extension 'ignore_ament_install'
[2.180s] Level 1:colcon.colcon_core.package_identification:_identify(__pycache__) by extensions ['colcon_pkg']
[2.180s] Level 1:colcon.colcon_core.package_identification:_identify(__pycache__) by extension 'colcon_pkg'
[2.180s] Level 1:colcon.colcon_core.package_identification:_identify(__pycache__) by extensions ['colcon_meta']
[2.180s] Level 1:colcon.colcon_core.package_identification:_identify(__pycache__) by extension 'colcon_meta'
[2.180s] Level 1:colcon.colcon_core.package_identification:_identify(__pycache__) by extensions ['ros']
[2.180s] Level 1:colcon.colcon_core.package_identification:_identify(__pycache__) by extension 'ros'
[2.180s] Level 1:colcon.colcon_core.package_identification:_identify(__pycache__) by extensions ['cmake', 'python']
[2.180s] Level 1:colcon.colcon_core.package_identification:_identify(__pycache__) by extension 'cmake'
[2.180s] Level 1:colcon.colcon_core.package_identification:_identify(__pycache__) by extension 'python'
[2.180s] Level 1:colcon.colcon_core.package_identification:_identify(__pycache__) by extensions ['python_setup_py']
[2.180s] Level 1:colcon.colcon_core.package_identification:_identify(__pycache__) by extension 'python_setup_py'
[2.180s] Level 1:colcon.colcon_core.package_identification:_identify(build) by extensions ['ignore', 'ignore_ament_install']
[2.181s] Level 1:colcon.colcon_core.package_identification:_identify(build) by extension 'ignore'
[2.181s] Level 1:colcon.colcon_core.package_identification:_identify(build) ignored
[2.181s] Level 1:colcon.colcon_core.package_identification:_identify(install) by extensions ['ignore', 'ignore_ament_install']
[2.181s] Level 1:colcon.colcon_core.package_identification:_identify(install) by extension 'ignore'
[2.181s] Level 1:colcon.colcon_core.package_identification:_identify(install) ignored
[2.181s] Level 1:colcon.colcon_core.package_identification:_identify(log) by extensions ['ignore', 'ignore_ament_install']
[2.181s] Level 1:colcon.colcon_core.package_identification:_identify(log) by extension 'ignore'
[2.181s] Level 1:colcon.colcon_core.package_identification:_identify(log) ignored
[2.181s] Level 1:colcon.colcon_core.package_discovery:discover_packages(recursive) using defaults
[2.181s] Level 1:colcon.colcon_core.package_discovery:discover_packages(ignore) discover
[2.181s] Level 1:colcon.colcon_core.package_discovery:discover_packages(ignore) using defaults
[2.181s] Level 1:colcon.colcon_core.package_discovery:discover_packages(path) discover
[2.181s] Level 1:colcon.colcon_core.package_discovery:discover_packages(path) using defaults
[2.387s] Level 1:colcon.colcon_core.package_discovery:discover_packages(prefix_path) check parameters
[2.387s] Level 1:colcon.colcon_core.package_discovery:discover_packages(prefix_path) discover
