[0.611s] Invoking command in '/home/teresa/ros2_ws/src/mypkg': PYTHONPATH=/home/teresa/ros2_ws/src/mypkg/build/mypkg/prefix_override:/home/teresa/ros2_ws/src/mypkg/install/mypkg/lib/python3.8/site-packages:${PYTHONPATH} /usr/bin/python3 setup.py egg_info --egg-base build/mypkg build --build-base /home/teresa/ros2_ws/src/mypkg/build/mypkg/build install --record /home/teresa/ros2_ws/src/mypkg/build/mypkg/install.log --install-scripts $base/lib/mypkg --single-version-externally-managed
[0.737s] running egg_info
[0.738s] writing build/mypkg/mypkg.egg-info/PKG-INFO
[0.738s] writing dependency_links to build/mypkg/mypkg.egg-info/dependency_links.txt
[0.738s] writing entry points to build/mypkg/mypkg.egg-info/entry_points.txt
[0.738s] writing requirements to build/mypkg/mypkg.egg-info/requires.txt
[0.738s] writing top-level names to build/mypkg/mypkg.egg-info/top_level.txt
[0.763s] reading manifest file 'build/mypkg/mypkg.egg-info/SOURCES.txt'
[0.763s] writing manifest file 'build/mypkg/mypkg.egg-info/SOURCES.txt'
[0.763s] running build
[0.763s] running build_py
[0.764s] running install
[0.764s] running install_lib
[0.765s] running install_data
[0.766s] running install_egg_info
[0.767s] removing '/home/teresa/ros2_ws/src/mypkg/install/mypkg/lib/python3.8/site-packages/mypkg-0.0.0-py3.8.egg-info' (and everything under it)
[0.767s] Copying build/mypkg/mypkg.egg-info to /home/teresa/ros2_ws/src/mypkg/install/mypkg/lib/python3.8/site-packages/mypkg-0.0.0-py3.8.egg-info
[0.768s] running install_scripts
[0.781s] Installing listener script to /home/teresa/ros2_ws/src/mypkg/install/mypkg/lib/mypkg
[0.782s] Installing talker script to /home/teresa/ros2_ws/src/mypkg/install/mypkg/lib/mypkg
[0.782s] writing list of installed files to '/home/teresa/ros2_ws/src/mypkg/build/mypkg/install.log'
[0.797s] Invoked command in '/home/teresa/ros2_ws/src/mypkg' returned '0': PYTHONPATH=/home/teresa/ros2_ws/src/mypkg/build/mypkg/prefix_override:/home/teresa/ros2_ws/src/mypkg/install/mypkg/lib/python3.8/site-packages:${PYTHONPATH} /usr/bin/python3 setup.py egg_info --egg-base build/mypkg build --build-base /home/teresa/ros2_ws/src/mypkg/build/mypkg/build install --record /home/teresa/ros2_ws/src/mypkg/build/mypkg/install.log --install-scripts $base/lib/mypkg --single-version-externally-managed
